INFO:root:[<---------- BEGIN LOGGING --------->]
INFO:root:Loading all vertices and edges per country...!
INFO:root:	[1] Registered Country Codes: 250
INFO:root:	[2] Identified ASNs: 50818
INFO:root:	[3] Countries which possess one or more ASNs: 231
INFO:root:	[4] Ignored (unidentified) country code: 3
INFO:root:	[5] Ignored (unidentified) ASNs: 683
INFO:root:	[6] Ignored connectivity due to either [4] or [5]: 1467/199539 (0.010%)
INFO:root:[<----------- END LOGGING ---------->]
INFO:root:[<---------- BEGIN LOGGING --------->]
INFO:root:Loading all vertices and edges per country...!
INFO:root:	[1] Registered Country Codes: 250
INFO:root:	[2] Identified ASNs: 50818
INFO:root:	[3] Countries which possess one or more ASNs: 231
INFO:root:	[4] Ignored (unidentified) country code: 3
INFO:root:	[5] Ignored (unidentified) ASNs: 683
INFO:root:	[6] Ignored connectivity due to either [4] or [5]: 1467/199539 (0.010%)
INFO:root:The countries below have been skipped...!
INFO:root:	[1] No foreign connection found: 35
INFO:root:	[2] Only 1 connection to the outside: 25
INFO:root:	[3] Too small nodes or edges to decide: 19
INFO:root:	[4] TOO BIG.. just skipped: 15
INFO:root:	[5] Target countries to investigate: 98
INFO:root:	Correlation Coefficient Statistics: 0.78498
INFO:root:[<----------- END LOGGING ---------->]
INFO:root:[<---------- BEGIN LOGGING --------->]
INFO:root:Loading all vertices and edges per country...!
INFO:root:	[1] Registered Country Codes: 250
INFO:root:	[2] Identified ASNs: 50818
INFO:root:	[3] Countries which possess one or more ASNs: 231
INFO:root:	[4] Ignored (unidentified) country code: 3
INFO:root:	[5] Ignored (unidentified) ASNs: 683
INFO:root:	[6] Ignored connectivity due to either [4] or [5]: 1467/199539 (0.010%)
INFO:root:The countries below have been skipped...!
INFO:root:	[1] No foreign connection found: 35
INFO:root:	[2] Only 1 connection to the outside: 25
INFO:root:	[3] Too small nodes or edges to decide: 19
INFO:root:	[4] TOO BIG.. just skipped: 15
INFO:root:	[5] Target countries to investigate: 98
INFO:root:	Correlation Coefficient Statistics: 0.75194
INFO:root:[<----------- END LOGGING ---------->]
INFO:root:[<---------- BEGIN LOGGING --------->]
INFO:root:Loading all vertices and edges per country...!
INFO:root:	[1] Registered Country Codes: 250
INFO:root:	[2] Identified ASNs: 50818
INFO:root:	[3] Countries which possess one or more ASNs: 231
INFO:root:	[4] Ignored (unidentified) country code: 3
INFO:root:	[5] Ignored (unidentified) ASNs: 683
INFO:root:	[6] Ignored connectivity due to either [4] or [5]: 1467/199539 (0.010%)
INFO:root:The countries below have been skipped...!
INFO:root:	[1] No foreign connection found: 35
INFO:root:	[2] Only 1 connection to the outside: 25
INFO:root:	[3] Too small nodes or edges to decide: 19
INFO:root:	[4] TOO BIG.. just skipped: 15
INFO:root:	[5] Target countries to investigate: 98
INFO:root:	Correlation Coefficient Statistics: 0.75194
INFO:root:[<----------- END LOGGING ---------->]
INFO:root:[<---------- BEGIN LOGGING --------->]
INFO:root:Loading all vertices and edges per country...!
INFO:root:	[1] Registered Country Codes: 250
INFO:root:	[2] Identified ASNs: 50818
INFO:root:	[3] Countries which possess one or more ASNs: 231
INFO:root:	[4] Ignored (unidentified) country code: 3
INFO:root:	[5] Ignored (unidentified) ASNs: 683
INFO:root:	[6] Ignored connectivity due to either [4] or [5]: 1467/199539 (0.010%)
INFO:root:[<---------- BEGIN LOGGING --------->]
INFO:root:Loading all vertices and edges per country...!
INFO:root:	[1] Registered Country Codes: 250
INFO:root:	[2] Identified ASNs: 50818
INFO:root:	[3] Countries which possess one or more ASNs: 231
INFO:root:	[4] Ignored (unidentified) country code: 3
INFO:root:	[5] Ignored (unidentified) ASNs: 683
INFO:root:	[6] Ignored connectivity due to either [4] or [5]: 1467/199539 (0.010%)
INFO:root:[<---------- BEGIN LOGGING --------->]
INFO:root:Loading all vertices and edges per country...!
INFO:root:	[1] Registered Country Codes: 250
INFO:root:	[2] Identified ASNs: 50818
INFO:root:	[3] Countries which possess one or more ASNs: 231
INFO:root:	[4] Ignored (unidentified) country code: 3
INFO:root:	[5] Ignored (unidentified) ASNs: 683
INFO:root:	[6] Ignored connectivity due to either [4] or [5]: 1467/199539 (0.010%)
INFO:root:The countries below have been skipped...!
INFO:root:	[1] No foreign connection found: 35
INFO:root:	[2] Only 1 connection to the outside: 25
INFO:root:	[3] Too small nodes or edges to decide: 19
INFO:root:	[4] TOO BIG.. just skipped: 15
INFO:root:	[5] Target countries to investigate: 98
INFO:root:	Correlation Coefficient Statistics: 0.75194
INFO:root:[<----------- END LOGGING ---------->]
INFO:root:[<---------- BEGIN LOGGING --------->]
INFO:root:Loading all vertices and edges per country...!
INFO:root:	[1] Registered Country Codes: 250
INFO:root:	[2] Identified ASNs: 50818
INFO:root:	[3] Countries which possess one or more ASNs: 231
INFO:root:	[4] Ignored (unidentified) country code: 3
INFO:root:	[5] Ignored (unidentified) ASNs: 683
INFO:root:	[6] Ignored connectivity due to either [4] or [5]: 1467/199539 (0.010%)
INFO:root:[<---------- BEGIN LOGGING --------->]
INFO:root:Loading all vertices and edges per country...!
INFO:root:	[1] Registered Country Codes: 250
INFO:root:	[2] Identified ASNs: 50818
INFO:root:	[3] Countries which possess one or more ASNs: 231
INFO:root:	[4] Ignored (unidentified) country code: 3
INFO:root:	[5] Ignored (unidentified) ASNs: 683
INFO:root:	[6] Ignored connectivity due to either [4] or [5]: 1467/199539 (0.010%)
INFO:root:[<---------- BEGIN LOGGING --------->]
INFO:root:Loading all vertices and edges per country...!
INFO:root:	[1] Registered Country Codes: 250
INFO:root:	[2] Identified ASNs: 50818
INFO:root:	[3] Countries which possess one or more ASNs: 231
INFO:root:	[4] Ignored (unidentified) country code: 3
INFO:root:	[5] Ignored (unidentified) ASNs: 683
INFO:root:	[6] Ignored connectivity due to either [4] or [5]: 1467/199539 (0.010%)
INFO:root:The countries below have been skipped...!
INFO:root:	[1] No foreign connection found: 35
INFO:root:	[2] Only 1 connection to the outside: 25
INFO:root:	[3] Too small nodes or edges to decide: 19
INFO:root:	[4] TOO BIG.. just skipped: 15
INFO:root:	[5] Target countries to investigate: 98
INFO:root:	Correlation Coefficient Statistics: 0.75519
INFO:root:[<---------- BEGIN LOGGING --------->]
INFO:root:Loading all vertices and edges per country...!
INFO:root:	[1] Registered Country Codes: 250
INFO:root:	[2] Identified ASNs: 50818
INFO:root:	[3] Countries which possess one or more ASNs: 231
INFO:root:	[4] Ignored (unidentified) country code: 3
INFO:root:	[5] Ignored (unidentified) ASNs: 683
INFO:root:	[6] Ignored connectivity due to either [4] or [5]: 1467/199539 (0.010%)
INFO:root:The countries below have been skipped...!
INFO:root:	[1] No foreign connection found: 35
INFO:root:	[2] Only 1 connection to the outside: 25
INFO:root:	[3] Too small nodes or edges to decide: 19
INFO:root:	[4] TOO BIG.. just skipped: 15
INFO:root:	[5] Target countries to investigate: 98
INFO:root:	Correlation Coefficient Statistics: 0.75519
INFO:root:[<----------- END LOGGING ---------->]
INFO:root:[<----------- END LOGGING ---------->]
INFO:root:[<---------- BEGIN LOGGING --------->]
WARNING:root:Check the arguments for corelationship...!
INFO:root:[<----------- END LOGGING ---------->]
